Data Generator -> setup()
Filter & Threshold -> setup()
TX Out: (244  54)
TX Out: (255  54)
TX Out: (188  137)
TX Out: (165  29)
TX Out: (13  98)
TX Out: (146  119)
TX Out: (50  135)
TX Out: (125  115)
TX Out: (107  179)
TX Out: (209  98)
TX Out: (55  30)
TX Out: (28  121)
TX Out: (236  51)
TX Out: (45  145)
TX Out: (184  28)
TX Out: (30  107)
RX Buffer [original]: (0  0  0  0  244  54  255  54  188  137  165  29  13  98  146  119  50  135  125  115  107  179  209  98  55  30  28  121  236  51  45  145  184  28  30  107  0  0  0  0)
RX Buffer [filtered]: (0  0  0  0  1  0  0  0  0  0  0  0  0  0  0  0  0  0  0  0  0  0  0  0  0  0  0  0  0  0  0  0  184  28  30  107  0  0  0  0)
RX Out: (0  0  0  0  0  0  0  0  0  0  0  0  0  0  0  0  0  0  0  0  0  0  0  0  0  0  0  0)
TX Out: (209  194)
TX Out: (114  83)
TX Out: (192  45)
TX Out: (179  66)
TX Out: (37  173)
TX Out: (78  235)
TX Out: (168  250)
TX Out: (24  13)
TX Out: (40  106)
TX Out: (196  170)
TX Out: (38  32)
TX Out: (177  75)
TX Out: (245  223)
TX Out: (61  237)
TX Out: (41  43)
TX Out: (82  82)
RX Buffer [original]: (0  0  0  0  184  28  30  107  209  194  114  83  192  45  179  66  37  173  78  235  168  250  24  13  40  106  196  170  38  32  177  75  245  223  61  237  41  43  82  82)
RX Buffer [filtered]: (0  0  0  0  1  0  0  0  0  0  0  0  0  0  0  0  0  0  0  0  0  0  0  0  0  0  0  0  0  0  0  0  0  0  0  0  41  43  82  82)
RX Out: (0  0  0  0  0  0  0  0  0  0  0  0  0  0  0  0  0  0  0  0  0  0  0  0  0  0  0  0  0  0  0  0)
TX Out: (31  153)
TX Out: (105  122)
TX Out: (167  60)
TX Out: (26  109)
TX Out: (181  100)
TX Out: (76  172)
TX Out: (82  240)
TX Out: (48  247)
TX Out: (62  14)
TX Out: (125  127)
TX Out: (219  194)
TX Out: (41  26)
TX Out: (174  66)
TX Out: (110  145)
TX Out: (228  194)
TX Out: (115  65)
RX Buffer [original]: (0  0  0  0  41  43  82  82  31  153  105  122  167  60  26  109  181  100  76  172  82  240  48  247  62  14  125  127  219  194  41  26  174  66  110  145  228  194  115  65)
RX Buffer [filtered]: (0  0  0  0  1  0  0  0  0  0  0  0  0  0  0  0  0  0  0  0  0  0  0  0  0  0  0  0  0  0  0  0  0  0  0  0  228  194  115  65)
RX Out: (0  0  0  0  0  0  0  0  0  0  0  0  0  0  0  0  0  0  0  0  0  0  0  0  0  0  0  0  0  0  0  0)
TX Out: (23  188)
TX Out: (28  21)
TX Out: (91  40)
TX Out: (200  129)
TX Out: (189  98)
TX Out: (72  171)
TX Out: (93  46)
TX Out: (19  243)
TX Out: (78  13)
TX Out: (9  183)
TX Out: (187  199)
TX Out: (82  71)
TX Out: (31  190)
TX Out: (101  161)
TX Out: (245  147)
TX Out: (199  42)
RX Buffer [original]: (0  0  0  0  228  194  115  65  23  188  28  21  91  40  200  129  189  98  72  171  93  46  19  243  78  13  9  183  187  199  82  71  31  190  101  161  245  147  199  42)
RX Buffer [filtered]: (0  0  0  0  1  0  0  0  0  0  0  0  0  0  0  0  0  0  0  0  0  0  0  0  0  0  0  0  0  0  0  0  0  0  0  0  245  147  199  42)
RX Out: (0  0  0  0  0  0  0  0  0  0  0  0  0  0  0  0  0  0  0  0  0  0  0  0  0  0  0  0  0  0  0  0)
TX Out: (191  22)
TX Out: (4  39)
TX Out: (76  194)
TX Out: (120  252)
TX Out: (109  107)
TX Out: (101  80)
TX Out: (71  159)
TX Out: (138  228)
TX Out: (193  12)
TX Out: (27  68)
TX Out: (155  112)
TX Out: (202  47)
TX Out: (47  191)
TX Out: (126  192)
TX Out: (165  46)
TX Out: (56  134)
RX Buffer [original]: (0  0  0  0  245  147  199  42  191  22  4  39  76  194  120  252  109  107  101  80  71  159  138  228  193  12  27  68  155  112  202  47  47  191  126  192  165  46  56  134)
RX Buffer [filtered]: (0  0  0  0  1  0  0  0  0  0  0  0  0  0  0  0  0  0  0  0  0  0  0  0  0  0  0  0  0  0  0  0  0  0  0  0  165  46  56  134)
RX Out: (0  0  0  0  0  0  0  0  0  0  0  0  0  0  0  0  0  0  0  0  0  0  0  0  0  0  0  0  0  0  0  0)
TX Out: (7  191)
TX Out: (120  248)
TX Out: (7  176)
TX Out: (22  229)
TX Out: (155  208)
TX Out: (149  103)
TX Out: (247  115)
TX Out: (200  123)
TX Out: (207  103)
TX Out: (202  242)
TX Out: (154  44)
TX Out: (73  164)
TX Out: (172  134)
Task [Filter & Threshold [Debug]] stopped due to reason: Task has been terminated
Filter & Threshold -> stop()
RX Buffer [original]: (0  0  0  0  165  46  56  134  7  191  120  248  7  176  22  229  155  208  149  103  247  115  200  123  207  103  202  242  154  44  73  164  172  134  0  0  0  0)
RX Buffer [filtered]: (0  0  0  0  1  0  0  0  0  0  0  0  0  0  0  0  0  0  0  0  0  0  0  0  0  0  0  0  0  0  0  0  0  0  0  0  0  0)
RX Out: (0  0  0  0  0  0  0  0  0  0  0  0  0  0  0  0  0  0  0  0  0  0  0  0  0  0  0  0  0  0)
Task [Data Generator [Debug]] stopped due to reason: Task has been terminated
TX Out: (11  23)
Data Generator -> stop()