Original [32]:  42  17  93   8  61  29  75  50   2  84  19  34  67  21  58  90  31  73   6  88  45  12  77  99  39  64  27  81  15  55  23  53 
Filtered [32]:  25  35  49  35  46  46  53  41  37  49  35  42  46  43  59  62  49  50  43  57  42  45  68  68  53  53  48  52  37  42  39  50
Treshold [32]:   0   0   0   0   0   0   0   0   0   0   0   0   0   0   0   0   0   0   0   0   0   0   0   0   0   0   0   0   0   0   0   0


Original [32]:  63  53  24  11 198 167 233 154 102 200 129 174  85 214 175 250  57 206 144 187 160 223 110 199 140 231 124 189 194 244  92 210
Filtered [32]:  51  43  42  80 150 169 180 152 147 163 147 148 145 183 183 176 140 170 162 174 175 177 156 174 170 181 163 186 193 186 155 173
Treshold [32]:   0   0   0   0   0   0   1   0   0   0   0   0   0   1   1   1   0   0   0   0   1   1   0   0   0   1   0   1   1   1   0   0


Original [32]: 123 220 106 184 207 221  35 191 136 247 101 242 132 228 112 215 163 232  97 216 145 229 119 197 176 252  81 237 152 201 138 249
Filtered [32]: 160 170 153 182 186 160 125 162 166 183 163 188 170 180 163 187 180 180 157 181 173 181 163 185 188 187 160 189 173 180 177 189
Treshold [32]:   0   0   0   1   1   0   0   0   0   1   0   1   0   1   0   1   1   1   0   1   0   1   0   1   1   1   0   1   0   1   1   1


Original [32]: 116 208 171 239 120 211 165 238 100 213 150 236  94 188 180 241  55 190 137 225  72 222 153 217  86 209 169 226  69 212 143 230 
Filtered [32]: 166 188 187 190 169 189 184 184 159 183 175 177 151 179 182 171 134 163 160 165 145 180 169 169 150 181 176 170 144 175 169 175
Treshold [32]:   0   1   1   1   0   1   1   1   0   1   1   1   0   1   1   0   0   0   0   0   0   1   0   0   0   1   1   0   0   1   0   1


Original [32]: 104 178 172 240  87 192 135 218  83 219 141 234  70 203 181 248  95 202 131 235  79 193 157 246 103 233 148 243 111 185 179 245
Filtered [32]: 151 173 180 177 146 166 160 166 148 178 168 170 145 183 188 186 154 173 165 170 143 173 177 186 165 191 180 186 159 180 185 177
Treshold [32]:   0   0   1   1   0   0   0   0   0   1   0   0   0   1   1   1   0   0   0   0   0   0   1   1   0   1   1   1   0   1   1   1


Original [32]:  65 204 170 224 117 218 146 227  62 212 161 254  98 206 155 232  52 202 139 255  76 222 149 223  82 181 174 255  91 201 162 246
Filtered [32]: 145 180 179 182 165 184 170 167 142 181 182 187 158 181 172 166 134 170 170 180 151 182 170 168 143 174 184 185 155 181 182 188
Treshold [32]:   0   1   1   1   0   1   0   0   0   1   1   1   0   1   0   0   0   0   0   1   0   1   0   0   0   0   1   1   0   1   1   1


Original [32]: 110 211 182 249  66 195 159 242  63 220 154 253  89 207 134 233  80 213 168 239 108 214 158 243  74 208 132 252  99 193 184 221 
Filtered [32]: 166 192 190 180 144 175 174 173 145 183 179 184 153 175 166 172 150 184 183 186 164 187 180 178 146 174 170 183 155 181 181 169
Treshold [32]:   0   1   1   1   0   1   0   0   0   1   1   1   0   1   0   0   0   1   1   1   0   1   1   1   0   0   0   1   0   1   1   0


Original [32]:  71 197 167 226  59 204 148 245 115 224 179 251  87 194 144 234 104 198 153 232  60 187 166 219  73 221 173 236  91 209 183 228
Filtered [32]: 143 175 173 165 138 173 174 187 169 197 192 186 151 173 171 178 155 176 171 166 135 169 170 167 149 187 183 181 157 188 183 171
Treshold [32]:   0   1   0   0   0   0   0   1   0   1   1   1   0   0   0   1   0   1   0   0   0   0   0   0   0   1   1   1   0   1   1   0


Original [32]:  66 193 171 249  88 202 146 255  70 196 164 253  62 199 149 250  75 214 178 240 108 205 154 224  80 212 139 237  65 197 161 247
Filtered [32]: 141 176 182 182 152 177 175 178 144 177 179 177 141 173 173 178 151 188 188 187 162 181 173 171 147 175 166 168 139 174 178 181
Treshold [32]:   0   1   1   1   0   1   1   1   0   1   1   1   0   0   0   1   0   1   1   1   0   1   0   0   0   1   0   0   0   0   1   1 


Original [32]:  92 189 181 242  52 186 137 235 104 218 156 222  59 200 172 246  69 220 133 243  85 199 187 239 111 206 165 226  56 184 150 251
Filtered [32]: 152 180 183 171 132 163 164 177 159 184 171 164 138 177 180 178 147 178 168 176 151 184 190 188 164 184 176 165 132 166 171 176
Treshold [32]:   0   1   1   0   0   0   0   1   0   1   0   0   0   1   1   1   0   1   0   1   0   1   1   1   0   1   1   0   0   0   0   1


Original [32]:  77 198 136 230 100 207 162 233  58 216 151 223  94 195 175 244  83 203 140 250  67 191 183 229 103 209 174 247  71 205 156 238
Filtered [32]: 144 169 165 175 155 181 175 170 142 178 170 172 151 180 184 180 150 175 170 174 142 177 183 180 160 188 186 180 147 178 176 178
Treshold [32]:   0   0   0   1   0   1   1   0   0   1   0   0   0   1   1   1   0   1   0   0   0   1   1   1   0   1   1   1   0   1   1   1


Original [32]:  93 192 162 236  78 201 157 245 105 213 147 251  55 208 177 237 102 214 141 240  86 187 153 234  60 196 184 224  88 202 164 231
Filtered [32]: 151 176 176 174 146 177 178 185 161 183 175 175 142 183 184 183 159 181 172 176 146 170 169 167 139 178 181 174 151 179 174 165 
Treshold [32]:   0   1   1   0   0   1   1   1   0   1   1   1   0   1   1   1   0   1   0   1   0   0   0   0   0   1   1   0   0   1   0   0


Original [32]:  52 194 171 220  76 205 147 248 111 200 179 235  66 188 140 233  85 210 158 227  68 204 136 255  53 217 177 222  79 215 143 251
Filtered [32]: 134 172 173 167 144 175 175 186 162 186 184 172 138 165 164 172 149 179 172 168 140 171 168 174 142 184 179 172 149 179 172 174
Treshold [32]:   0   0   0   0   0   1   1   1   0   1   1   0   0   0   0   0   0   1   0   0   0   0   0   0   0   1   1   0   0   1   0   0


Original [32]:  62 198 169 228  70 190 185 237 107 208 166 224  57 203 149 252  97 211 138 235  89 193 179 229  64 191 173 231 106 199 165 254
Filtered [32]: 141 176 175 168 142 178 186 185 162 184 176 166 137 173 175 184 156 178 169 174 149 179 179 169 139 174 179 179 158 182 184 185
Treshold [32]:   0   1   1   0   0   1   1   1   0   1   1   0   0   0   1   1   0   1   0   0   0   1   1   0   0   0   1   1   0   1   1   1


Original [32]:  81 218 187 230  63 200 142 238  90 207 171 233  66 195 168 246  95 203 160 241  74 197 156 223  61 210 181 249 113 189 151 245
Filtered [32]: 157 192 186 172 140 171 168 176 153 183 179 171 141 176 181 183 156 181 178 175 144 173 168 164 142 184 189 190 160 177 182 200 
Treshold [32]:   0   1   1   0   0   0   0   1   0   1   1   0   0   1   1   1   0   1   1   1   0   0   0   0   0   1   1   1   0   1   1   1


Original [32]: 157 232 102 213 163 228  75 216 141 236  51 202 186 221  99 208 147 250  86 206 148 226  68 204 159 243 109 219 182 234  67 194
Filtered [32]: 183 183 161 185 177 173 148 177 166 166 137 179 182 176 156 180 176 181 151 176 168 167 142 177 178 186 166 194 187 174 140 167
Treshold [32]:   1   1   0   1   1   0   0   1   0   0   0   1   1   1   0   1   1   1   0   1   0   0   0   1   1   1   0   1   1   0   0   0


Original [32]: 138 230  92 215 173 241  55 191 154 254  64 196 137 248  81 209 170 239 112 200 146 227  60 198 163 252  73 211 151 246  69 218
Filtered [32]: 164 173 155 187 182 172 136 171 174 175 139 169 168 177 150 184 184 186 160 177 168 165 137 175 178 179 148 180 175 177 148 183
Treshold [32]:   0   0   0   1   1   0   0   0   0   1   0   0   0   1   0   1   1   1   0   1   0   0   0   1   1   1   0   1   1   1   0   1


Original [32]: 159 234 108 206 140 225  52 193 176 253  99 217 161 239  86 195 157 232  77 203 143 250  63 210 166 236  90 198 171 233  55 204
Filtered [32]: 178 182 159 176 164 161 133 175 185 188 162 188 181 179 149 175 173 172 145 174 171 175 144 181 179 178 152 180 177 168 137 173
Treshold [32]:   1   1   0   1   0   0   0   1   1   1   0   1   1   1   0   1   0   0   0   0   0   1   0   1   1   1   0   1   1   0   0   0 


Original [32]: 149 237 108 209 177 243  71 195 147 249 104 214 140 223  61 191 160 245  93 202 174 228  72 194 153 239  95 215 185 250  58 201
Filtered [32]: 172 181 162 188 186 178 144 173 175 185 160 179 165 162 135 170 176 180 154 182 179 171 142 172 173 179 159 192 190 179 141 172
Treshold [32]:   0   1   0   1   1   1   0   0   1   1   0   1   0   0   0   0   1   1   0   1   1   0   0   0   0   1   0   1   1   1   0   0


Original [32]: 146 232  79 213 167 221  64 207 141 244 102 200 188 230  54 210 182 231  81 199 158 247  75 208 153 240 112 193 144 228  70 196
Filtered [32]: 168 172 149 182 174 166 140 173 171 181 158 186 185 170 142 184 183 175 148 177 177 178 148 179 177 183 157 173 167 166 134 148
Treshold [32]:   0   0   0   1   0   0   0   0   0   1   0   1   1   0   0   1   1   1   0   1   1   1   0   1   1   1   0   0   0   0   0   0


Original [6]:  97 118 145 234 243 111
Filtered [6]: 122 138 170 200 173  97
Treshold [6]:   0   0   0   1   0   0