producer_durations [n = 611, mean = 124.54991816693945, median = 100, min = 100, max = 400]: 
100 100 100 100 100 300 300 200 300 300 300 200 200 100 100 100 100 100 100 100 300 100 100 200 200 100 200 100 100 100 100 100
300 100 100 100 100 100 100 200 200 100 100 100 200 100 100 100 100 200 100 100 100 200 100 200 100 100 200 100 100 100 100 100
100 100 100 100 100 100 100 100 100 200 100 100 100 100 300 200 200 300 200 200 100 300 100 200 200 200 200 200 300 300 200 200 
300 300 300 100 100 100 100 100 100 100 100 100 100 100 100 100 100 100 100 100 100 100 100 100 100 100 100 100 200 100 100 100 
100 100 100 100 100 300 200 100 100 100 100 100 100 100 100 100 100 200 100 100 100 100 100 100 200 100 100 100 100 100 100 100
100 100 100 100 100 100 100 100 100 100 100 100 100 100 100 100 100 100 100 100 200 200 200 200 200 200 200 100 400 200 100 200
300 200 200 200 200 200 200 200 200 200 200 100 200 100 100 100 100 100 100 100 100 100 100 100 100 100 100 100 100 100 100 100
100 100 100 100 200 100 100 100 100 100 100 100 100 100 100 100 100 200 100 200 100 100 100 400 300 200 200 200 200 100 200 200
200 200 100 100 100 100 100 200 100 100 200 100 200 100 100 100 100 100 100 100 200 100 100 100 100 100 100 100 100 100 100 100 
100 100 100 100 100 100 100 100 100 100 100 100 100 100 100 100 100 100 100 100 100 100 100 100 100 100 100 100 100 100 100 100
200 100 300 200 100 100 100 100 100 300 200 200 200 200 200 100 100 100 200 100 200 200 200 100 100 100 100 100 100 100 100 100
100 100 100 100 100 100 100 100 100 100 100 100 100 100 100 100 100 100 100 100 200 100 100 100 100 100 100 100 100 100 100 100
100 100 100 100 100 100 100 100 100 100 100 100 100 100 100 200 100 100 100 100 100 100 100 200 100 100 100 100 100 100 100 100
100 100 100 100 100 100 100 100 100 100 100 200 100 100 100 100 200 200 100 100 100 100 100 100 100 100 100 200 100 100 100 100
100 100 100 100 100 100 100 100 100 100 100 100 200 100 100 100 100 200 100 100 100 100 100 300 200 100 100 100 100 100 100 100
100 100 100 100 100 100 100 100 100 100 100 100 100 100 100 100 200 100 100 100 100 100 100 400 200 100 100 100 100 100 100 200
100 100 100 100 200 100 100 100 100 100 100 100 100 100 100 100 100 100 100 100 100 100 100 100 100 100 200 100 100 100 100 100 
100 100 100 100 100 100 100 100 100 100 100 100 100 100 100 100 100 100 100 200 100 100 100 100 100 100 100 100 100 100 100 100
100 100 100 100 100 100 100 100 100 100 100 100 100 100 100 100 100 100 100 400 200 100 100 300 100 200 100 100 100 100 100 100
100 200 100

consumer_durations [n = 44, mean = 281.8181818181818, median = 300, min = 200, max = 400]:
300 300 200 300 200 300 300 300 300 300 300 300 300 300 200 200 300 200 300 400 300 200 300 200 300 300 200 300 300 200 200 300
300 300 300 300 300 300 300 300 300 300 300 400